# JRE version: OpenJDK Runtime Environment Temurin-17.0.8.1+1 (17.0.8.1+1) (build 17.0.8.1+1)
# Java VM: OpenJDK 64-Bit Server VM Temurin-17.0.8.1+1 (17.0.8.1+1, mixed mode, emulated-client, tiered, compressed oops, compressed class ptrs, g1 gc, windows-amd64)
GC Precious Log:
 CPUs: 4 total, 4 available
 Memory: 4018M
 Large Page Support: Disabled
 NUMA Support: Disabled
 Compressed Oops: Enabled (32-bit)
 Heap Region Size: 1M
 Heap Min Capacity: 8M
 Heap Initial Capacity: 64M
 Heap Max Capacity: 1G
 Pre-touch: Disabled
 Parallel Workers: 4
 Concurrent Workers: 1
 Concurrent Refinement Workers: 4
 Periodic GC: Disabled
Heap:
 garbage-first heap   total 66560K, used 30206K [0x00000000c0000000, 0x0000000100000000)
  region size 1024K, 1 young (1024K), 0 survivors (0K)
 Metaspace       used 58067K, committed 58624K, reserved 1114112K
  class space    used 7473K, committed 7744K, reserved 1048576K
GC Heap History (20 events):
Event: 1870.605 GC heap before
{Heap before GC invocations=132 (full 89):
 garbage-first heap   total 66560K, used 30206K [0x00000000c0000000, 0x0000000100000000)
  region size 1024K, 1 young (1024K), 0 survivors (0K)
 Metaspace       used 58067K, committed 58624K, reserved 1114112K
  class space    used 7473K, committed 7744K, reserved 1048576K
}
Event: 1870.688 GC heap after
{Heap after GC invocations=133 (full 90):
 garbage-first heap   total 66560K, used 30206K [0x00000000c0000000, 0x0000000100000000)
  region size 1024K, 0 young (0K), 0 survivors (0K)
 Metaspace       used 58067K, committed 58624K, reserved 1114112K
  class space    used 7473K, committed 7744K, reserved 1048576K
}
Event: 1881.497 GC heap before
{Heap before GC invocations=133 (full 90):
 garbage-first heap   total 66560K, used 30206K [0x00000000c0000000, 0x0000000100000000)
  region size 1024K, 1 young (1024K), 0 survivors (0K)
 Metaspace       used 58067K, committed 58624K, reserved 1114112K
  class space    used 7473K, committed 7744K, reserved 1048576K
}
Event: 1881.581 GC heap after
{Heap after GC invocations=134 (full 91):
 garbage-first heap   total 66560K, used 30206K [0x00000000c0000000, 0x0000000100000000)
  region size 1024K, 0 young (0K), 0 survivors (0K)
 Metaspace       used 58067K, committed 58624K, reserved 1114112K
  class space    used 7473K, committed 7744K, reserved 1048576K
}
Event: 1893.822 GC heap before
{Heap before GC invocations=134 (full 91):
 garbage-first heap   total 66560K, used 30206K [0x00000000c0000000, 0x0000000100000000)
  region size 1024K, 1 young (1024K), 0 survivors (0K)
 Metaspace       used 58067K, committed 58624K, reserved 1114112K
  class space    used 7473K, committed 7744K, reserved 1048576K
}
Event: 1893.900 GC heap after
{Heap after GC invocations=135 (full 92):
 garbage-first heap   total 66560K, used 30206K [0x00000000c0000000, 0x0000000100000000)
  region size 1024K, 0 young (0K), 0 survivors (0K)
 Metaspace       used 58067K, committed 58624K, reserved 1114112K
  class space    used 7473K, committed 7744K, reserved 1048576K
}
Event: 1904.076 GC heap before
{Heap before GC invocations=135 (full 92):
 garbage-first heap   total 66560K, used 30206K [0x00000000c0000000, 0x0000000100000000)
  region size 1024K, 1 young (1024K), 0 survivors (0K)
 Metaspace       used 58067K, committed 58624K, reserved 1114112K
  class space    used 7473K, committed 7744K, reserved 1048576K
}
Event: 1904.159 GC heap after
{Heap after GC invocations=136 (full 93):
 garbage-first heap   total 66560K, used 30206K [0x00000000c0000000, 0x0000000100000000)
  region size 1024K, 0 young (0K), 0 survivors (0K)
 Metaspace       used 58067K, committed 58624K, reserved 1114112K
  class space    used 7473K, committed 7744K, reserved 1048576K
}
Event: 1914.304 GC heap before
{Heap before GC invocations=136 (full 93):
 garbage-first heap   total 66560K, used 30206K [0x00000000c0000000, 0x0000000100000000)
  region size 1024K, 1 young (1024K), 0 survivors (0K)
 Metaspace       used 58067K, committed 58624K, reserved 1114112K
  class space    used 7473K, committed 7744K, reserved 1048576K
}
Event: 1914.373 GC heap after
{Heap after GC invocations=137 (full 94):
 garbage-first heap   total 66560K, used 30206K [0x00000000c0000000, 0x0000000100000000)
  region size 1024K, 0 young (0K), 0 survivors (0K)
 Metaspace       used 58067K, committed 58624K, reserved 1114112K
  class space    used 7473K, committed 7744K, reserved 1048576K
}
Event: 1924.927 GC heap before
{Heap before GC invocations=137 (full 94):
 garbage-first heap   total 66560K, used 30206K [0x00000000c0000000, 0x0000000100000000)
  region size 1024K, 1 young (1024K), 0 survivors (0K)
 Metaspace       used 58067K, committed 58624K, reserved 1114112K
  class space    used 7473K, committed 7744K, reserved 1048576K
}
Event: 1925.002 GC heap after
{Heap after GC invocations=138 (full 95):
 garbage-first heap   total 66560K, used 30206K [0x00000000c0000000, 0x0000000100000000)
  region size 1024K, 0 young (0K), 0 survivors (0K)
 Metaspace       used 58067K, committed 58624K, reserved 1114112K
  class space    used 7473K, committed 7744K, reserved 1048576K
}
Event: 1935.099 GC heap before
{Heap before GC invocations=138 (full 95):
 garbage-first heap   total 66560K, used 30206K [0x00000000c0000000, 0x0000000100000000)
  region size 1024K, 1 young (1024K), 0 survivors (0K)
 Metaspace       used 58067K, committed 58624K, reserved 1114112K
  class space    used 7473K, committed 7744K, reserved 1048576K
}
Event: 1935.162 GC heap after
{Heap after GC invocations=139 (full 96):
 garbage-first heap   total 66560K, used 30206K [0x00000000c0000000, 0x0000000100000000)
  region size 1024K, 0 young (0K), 0 survivors (0K)
 Metaspace       used 58067K, committed 58624K, reserved 1114112K
  class space    used 7473K, committed 7744K, reserved 1048576K
}
Event: 1945.212 GC heap before
{Heap before GC invocations=139 (full 96):
 garbage-first heap   total 66560K, used 30206K [0x00000000c0000000, 0x0000000100000000)
  region size 1024K, 1 young (1024K), 0 survivors (0K)
 Metaspace       used 58067K, committed 58624K, reserved 1114112K
  class space    used 7473K, committed 7744K, reserved 1048576K
}
Event: 1945.286 GC heap after
{Heap after GC invocations=140 (full 97):
 garbage-first heap   total 66560K, used 30206K [0x00000000c0000000, 0x0000000100000000)
  region size 1024K, 0 young (0K), 0 survivors (0K)
 Metaspace       used 58067K, committed 58624K, reserved 1114112K
  class space    used 7473K, committed 7744K, reserved 1048576K
}
Event: 1956.904 GC heap before
{Heap before GC invocations=140 (full 97):
 garbage-first heap   total 66560K, used 30206K [0x00000000c0000000, 0x0000000100000000)
  region size 1024K, 1 young (1024K), 0 survivors (0K)
 Metaspace       used 58067K, committed 58624K, reserved 1114112K
  class space    used 7473K, committed 7744K, reserved 1048576K
}
Event: 1956.984 GC heap after
{Heap after GC invocations=141 (full 98):
 garbage-first heap   total 66560K, used 30206K [0x00000000c0000000, 0x0000000100000000)
  region size 1024K, 0 young (0K), 0 survivors (0K)
 Metaspace       used 58067K, committed 58624K, reserved 1114112K
  class space    used 7473K, committed 7744K, reserved 1048576K
}
Event: 1969.083 GC heap before
{Heap before GC invocations=141 (full 98):
 garbage-first heap   total 66560K, used 30206K [0x00000000c0000000, 0x0000000100000000)
  region size 1024K, 1 young (1024K), 0 survivors (0K)
 Metaspace       used 58067K, committed 58624K, reserved 1114112K
  class space    used 7473K, committed 7744K, reserved 1048576K
}
Event: 1969.171 GC heap after
{Heap after GC invocations=142 (full 99):
 garbage-first heap   total 66560K, used 30206K [0x00000000c0000000, 0x0000000100000000)
  region size 1024K, 0 young (0K), 0 survivors (0K)
 Metaspace       used 58067K, committed 58624K, reserved 1114112K
  class space    used 7473K, committed 7744K, reserved 1048576K
}

